<?xml version="1.0" encoding="UTF-8"?>
<!-- Generated by org.testng.reporters.JUnitReportReporter -->
<testsuite skipped="0" hostname="vinay" name="launchChrome.browser.LaunchChrome" tests="1" failures="0" timestamp="25 May 2020 12:44:39 GMT" time="0.012" errors="0">
  <testcase name="browserLaunchWithExtension" time="0.012" classname="launchChrome.browser.LaunchChrome"/>
</testsuite> <!-- launchChrome.browser.LaunchChrome -->
